<?xml version="1.0" encoding="UTF-8"?>
<robot generator="Robot 7.4.1 (Python 3.13.5 on win32)" generated="2026-02-20T09:38:49.363863" rpa="false" schemaversion="5">
<suite id="s1" name="UNGABUNGA" source="C:\Users\NemethAdam\Desktop\20260220_NemethAdam\UNGABUNGA">
<suite id="s1-s1" name="Cart" source="C:\Users\NemethAdam\Desktop\20260220_NemethAdam\UNGABUNGA\cart.robot">
<test id="s1-s1-t1" name="Add multiple products" line="5">
<kw name="Login to Saucedemo">
<kw name="Open Browser" owner="Selenium2Library">
<msg time="2026-02-20T09:38:49.512632" level="INFO">Opening browser 'firefox' to base url 'https://www.saucedemo.com/'.</msg>
<arg>https://www.saucedemo.com/</arg>
<arg>firefox</arg>
<doc>Opens a new browser instance to the optional ``url``.</doc>
<status status="PASS" start="2026-02-20T09:38:49.512373" elapsed="5.643581"/>
</kw>
<kw name="Input Text" owner="Selenium2Library">
<msg time="2026-02-20T09:38:55.157034" level="INFO">Typing text 'standard_user' into text field 'id=user-name'.</msg>
<arg>id=user-name</arg>
<arg>standard_user</arg>
<doc>Types the given ``text`` into the text field identified by ``locator``.</doc>
<status status="PASS" start="2026-02-20T09:38:55.156164" elapsed="0.052383"/>
</kw>
<kw name="Input Password" owner="Selenium2Library">
<msg time="2026-02-20T09:38:55.209082" level="INFO">Typing password into text field 'id=password'.</msg>
<msg time="2026-02-20T09:38:55.213486" level="INFO">Temporally setting log level to: NONE</msg>
<arg>id=password</arg>
<arg>secret_sauce</arg>
<doc>Types the given password into the text field identified by ``locator``.</doc>
<status status="PASS" start="2026-02-20T09:38:55.208809" elapsed="0.014931"/>
</kw>
<kw name="Click Button" owner="Selenium2Library">
<msg time="2026-02-20T09:38:55.224322" level="INFO">Clicking button 'id=login-button'.</msg>
<arg>id=login-button</arg>
<doc>Clicks the button identified by ``locator``.</doc>
<status status="PASS" start="2026-02-20T09:38:55.224064" elapsed="0.084097"/>
</kw>
<status status="PASS" start="2026-02-20T09:38:49.511680" elapsed="5.796631"/>
</kw>
<kw name="Click Button" owner="Selenium2Library">
<msg time="2026-02-20T09:38:55.308946" level="INFO">Clicking button 'id=add-to-cart-sauce-labs-backpack'.</msg>
<arg>id=add-to-cart-sauce-labs-backpack</arg>
<doc>Clicks the button identified by ``locator``.</doc>
<status status="PASS" start="2026-02-20T09:38:55.308591" elapsed="0.066828"/>
</kw>
<kw name="Click Button" owner="Selenium2Library">
<msg time="2026-02-20T09:38:55.376067" level="INFO">Clicking button 'id=add-to-cart-sauce-labs-bike-light'.</msg>
<arg>id=add-to-cart-sauce-labs-bike-light</arg>
<doc>Clicks the button identified by ``locator``.</doc>
<status status="PASS" start="2026-02-20T09:38:55.375797" elapsed="0.065999"/>
</kw>
<kw name="Click Button" owner="Selenium2Library">
<msg time="2026-02-20T09:38:55.442566" level="INFO">Clicking button 'id=add-to-cart-sauce-labs-bolt-t-shirt'.</msg>
<arg>id=add-to-cart-sauce-labs-bolt-t-shirt</arg>
<doc>Clicks the button identified by ``locator``.</doc>
<status status="PASS" start="2026-02-20T09:38:55.442166" elapsed="0.081993"/>
</kw>
<kw name="Click Button" owner="Selenium2Library">
<msg time="2026-02-20T09:38:55.524808" level="INFO">Clicking button 'id=add-to-cart-sauce-labs-fleece-jacket'.</msg>
<arg>id=add-to-cart-sauce-labs-fleece-jacket</arg>
<doc>Clicks the button identified by ``locator``.</doc>
<status status="PASS" start="2026-02-20T09:38:55.524438" elapsed="0.083925"/>
</kw>
<kw name="Element Text Should Be" owner="Selenium2Library">
<msg time="2026-02-20T09:38:55.609242" level="INFO">Verifying element 'id=shopping_cart_container' contains exact text '4'.</msg>
<arg>id=shopping_cart_container</arg>
<arg>4</arg>
<doc>Verifies that element ``locator`` contains exact the text ``expected``.</doc>
<status status="PASS" start="2026-02-20T09:38:55.608833" elapsed="0.009405"/>
</kw>
<kw name="Click Element" owner="Selenium2Library">
<msg time="2026-02-20T09:38:55.618710" level="INFO">Clicking element '//*[@id="shopping_cart_container"]/a'.</msg>
<arg>//*[@id="shopping_cart_container"]/a</arg>
<doc>Click the element identified by ``locator``.</doc>
<status status="PASS" start="2026-02-20T09:38:55.618466" elapsed="0.069611"/>
</kw>
<kw name="Click Element" owner="Selenium2Library">
<msg time="2026-02-20T09:38:55.688661" level="INFO">Clicking element '//*[@id="remove-sauce-labs-bike-light"]'.</msg>
<arg>//*[@id="remove-sauce-labs-bike-light"]</arg>
<doc>Click the element identified by ``locator``.</doc>
<status status="PASS" start="2026-02-20T09:38:55.688373" elapsed="0.076123"/>
</kw>
<kw name="Get Element Count" owner="Selenium2Library">
<msg time="2026-02-20T09:38:55.769706" level="INFO">${item_count} = 3</msg>
<var>${item_count}</var>
<arg>//*[@class="cart_item"]</arg>
<doc>Returns the number of elements matching ``locator``.</doc>
<status status="PASS" start="2026-02-20T09:38:55.765250" elapsed="0.004748"/>
</kw>
<kw name="Should Be Equal As Numbers" owner="BuiltIn">
<msg time="2026-02-20T09:38:55.771202" level="INFO">Argument types are:
&lt;class 'int'&gt;
&lt;class 'str'&gt;</msg>
<arg>${item_count}</arg>
<arg>3</arg>
<doc>Fails if objects are unequal after converting them to real numbers.</doc>
<status status="PASS" start="2026-02-20T09:38:55.770674" elapsed="0.000744"/>
</kw>
<status status="PASS" start="2026-02-20T09:38:49.509428" elapsed="6.262383"/>
</test>
<status status="PASS" start="2026-02-20T09:38:49.389765" elapsed="6.386170"/>
</suite>
<status status="PASS" start="2026-02-20T09:38:49.367055" elapsed="6.411143"/>
</suite>
<statistics>
<total>
<stat pass="1" fail="0" skip="0">All Tests</stat>
</total>
<tag>
</tag>
<suite>
<stat name="UNGABUNGA" id="s1" pass="1" fail="0" skip="0">UNGABUNGA</stat>
<stat name="Cart" id="s1-s1" pass="1" fail="0" skip="0">UNGABUNGA.Cart</stat>
</suite>
</statistics>
<errors>
</errors>
</robot>
